<?xml version="1.0" encoding="UTF-8"?>
<coverage generated="1531261462052" clover="3.2.0">
  <project timestamp="1531261462052" name="All files">
    <metrics statements="21" coveredstatements="12" conditionals="2" coveredconditionals="1" methods="9" coveredmethods="6" elements="32" coveredelements="19" complexity="0" loc="21" ncloc="21" packages="1" files="3" classes="3">
      <file name="App.js" path="/Users/benghirardani/Projects/chatter/src/App.js">
        <metrics statements="17" coveredstatements="8" conditionals="2" coveredconditionals="1" methods="5" coveredmethods="2"/>
        <line num="9" count="2" type="stmt"/>
        <line num="10" count="2" type="stmt"/>
        <line num="14" count="2" type="stmt"/>
        <line num="15" count="2" type="stmt"/>
        <line num="16" count="2" type="stmt"/>
        <line num="21" count="0" type="stmt"/>
        <line num="28" count="0" type="stmt"/>
        <line num="29" count="0" type="stmt"/>
        <line num="30" count="0" type="stmt"/>
        <line num="31" count="0" type="stmt"/>
        <line num="35" count="0" type="stmt"/>
        <line num="36" count="0" type="stmt"/>
        <line num="37" count="0" type="stmt"/>
        <line num="38" count="0" type="stmt"/>
        <line num="42" count="4" type="stmt"/>
        <line num="59" count="1" type="stmt"/>
        <line num="60" count="1" type="cond" truecount="1" falsecount="1"/>
      </file>
      <file name="EnterMessageForm.js" path="/Users/benghirardani/Projects/chatter/src/EnterMessageForm.js">
        <metrics statements="2" coveredstatements="2" conditionals="0" coveredconditionals="0" methods="2" coveredmethods="2"/>
        <line num="7" count="2" type="stmt"/>
        <line num="11" count="3" type="stmt"/>
      </file>
      <file name="MessagePanel.js" path="/Users/benghirardani/Projects/chatter/src/MessagePanel.js">
        <metrics statements="2" coveredstatements="2" conditionals="0" coveredconditionals="0" methods="2" coveredmethods="2"/>
        <line num="6" count="1" type="stmt"/>
        <line num="10" count="2" type="stmt"/>
      </file>
    </metrics>
  </project>
</coverage>
