{"/Users/benghirardani/Projects/chatter/src/App.js": {"path":"/Users/benghirardani/Projects/chatter/src/App.js","statementMap":{"0":{"start":{"line":8,"column":8},"end":{"line":8,"column":16}},"1":{"start":{"line":9,"column":8},"end":{"line":12,"column":10}},"2":{"start":{"line":13,"column":8},"end":{"line":13,"column":57}},"3":{"start":{"line":14,"column":8},"end":{"line":14,"column":57}},"4":{"start":{"line":15,"column":8},"end":{"line":15,"column":65}},"5":{"start":{"line":25,"column":8},"end":{"line":27,"column":10}},"6":{"start":{"line":31,"column":8},"end":{"line":31,"column":32}},"7":{"start":{"line":32,"column":8},"end":{"line":32,"column":56}},"8":{"start":{"line":33,"column":8},"end":{"line":33,"column":31}},"9":{"start":{"line":37,"column":25},"end":{"line":37,"column":43}},"10":{"start":{"line":38,"column":27},"end":{"line":38,"column":49}},"11":{"start":{"line":39,"column":8},"end":{"line":39,"column":37}},"12":{"start":{"line":40,"column":8},"end":{"line":40,"column":50}},"13":{"start":{"line":44,"column":8},"end":{"line":50,"column":9}},"14":{"start":{"line":57,"column":16},"end":{"line":57,"column":53}},"15":{"start":{"line":58,"column":0},"end":{"line":58,"column":52}}},"fnMap":{"0":{"name":"(anonymous_0)","decl":{"start":{"line":7,"column":4},"end":{"line":7,"column":5}},"loc":{"start":{"line":7,"column":18},"end":{"line":16,"column":5}},"line":7},"1":{"name":"(anonymous_1)","decl":{"start":{"line":24,"column":4},"end":{"line":24,"column":5}},"loc":{"start":{"line":24,"column":24},"end":{"line":28,"column":5}},"line":24},"2":{"name":"(anonymous_2)","decl":{"start":{"line":30,"column":4},"end":{"line":30,"column":5}},"loc":{"start":{"line":30,"column":24},"end":{"line":34,"column":5}},"line":30},"3":{"name":"(anonymous_3)","decl":{"start":{"line":36,"column":4},"end":{"line":36,"column":5}},"loc":{"start":{"line":36,"column":23},"end":{"line":41,"column":5}},"line":36},"4":{"name":"(anonymous_4)","decl":{"start":{"line":43,"column":4},"end":{"line":43,"column":5}},"loc":{"start":{"line":43,"column":13},"end":{"line":51,"column":5}},"line":43}},"branchMap":{"0":{"loc":{"start":{"line":58,"column":0},"end":{"line":58,"column":51}},"type":"cond-expr","locations":[{"start":{"line":58,"column":10},"end":{"line":58,"column":43}},{"start":{"line":58,"column":46},"end":{"line":58,"column":51}}],"line":58}},"s":{"0":3,"1":3,"2":3,"3":3,"4":3,"5":0,"6":1,"7":1,"8":1,"9":1,"10":1,"11":1,"12":1,"13":6,"14":1,"15":1},"f":{"0":3,"1":0,"2":1,"3":1,"4":6},"b":{"0":[0,1]},"_coverageSchema":"332fd63041d2c1bcb487cc26dd0d5f7d97098a6c","hash":"36a68b7d806e062b2e6d0b9638a0662a3057380b"}
,"/Users/benghirardani/Projects/chatter/src/EnterMessageForm.js": {"path":"/Users/benghirardani/Projects/chatter/src/EnterMessageForm.js","statementMap":{},"fnMap":{},"branchMap":{},"s":{},"f":{},"b":{},"_coverageSchema":"332fd63041d2c1bcb487cc26dd0d5f7d97098a6c","hash":"44d78359bdef4c2482967e05e02c2d286925dcb8"}
}
