TN:
SF:/Users/benghirardani/Projects/chatter/src/App.js
FN:8,(anonymous_0)
FN:20,(anonymous_1)
FN:27,(anonymous_2)
FN:34,(anonymous_3)
FN:41,(anonymous_4)
FNF:5
FNH:2
FNDA:2,(anonymous_0)
FNDA:0,(anonymous_1)
FNDA:0,(anonymous_2)
FNDA:0,(anonymous_3)
FNDA:4,(anonymous_4)
DA:9,2
DA:10,2
DA:14,2
DA:15,2
DA:16,2
DA:21,0
DA:28,0
DA:29,0
DA:30,0
DA:31,0
DA:35,0
DA:36,0
DA:37,0
DA:38,0
DA:42,4
DA:59,1
DA:60,1
LF:17
LH:8
BRDA:60,0,0,0
BRDA:60,0,1,1
BRF:2
BRH:1
end_of_record
TN:
SF:/Users/benghirardani/Projects/chatter/src/EnterMessageForm.js
FN:6,(anonymous_0)
FN:10,(anonymous_1)
FNF:2
FNH:2
FNDA:2,(anonymous_0)
FNDA:3,(anonymous_1)
DA:7,2
DA:11,3
LF:2
LH:2
BRF:0
BRH:0
end_of_record
TN:
SF:/Users/benghirardani/Projects/chatter/src/MessagePanel.js
FN:5,(anonymous_0)
FN:9,(anonymous_1)
FNF:2
FNH:2
FNDA:1,(anonymous_0)
FNDA:2,(anonymous_1)
DA:6,1
DA:10,2
LF:2
LH:2
BRF:0
BRH:0
end_of_record
