TN:
SF:/Users/benghirardani/Projects/chatter/src/App.js
FN:7,(anonymous_0)
FN:24,(anonymous_1)
FN:30,(anonymous_2)
FN:36,(anonymous_3)
FN:43,(anonymous_4)
FNF:5
FNH:4
FNDA:3,(anonymous_0)
FNDA:0,(anonymous_1)
FNDA:1,(anonymous_2)
FNDA:1,(anonymous_3)
FNDA:6,(anonymous_4)
DA:8,3
DA:9,3
DA:13,3
DA:14,3
DA:15,3
DA:25,0
DA:31,1
DA:32,1
DA:33,1
DA:37,1
DA:38,1
DA:39,1
DA:40,1
DA:44,6
DA:57,1
DA:58,1
LF:16
LH:15
BRDA:58,0,0,0
BRDA:58,0,1,1
BRF:2
BRH:1
end_of_record
TN:
SF:/Users/benghirardani/Projects/chatter/src/EnterMessageForm.js
FNF:0
FNH:0
LF:0
LH:0
BRF:0
BRH:0
end_of_record
